d:\project\chenyu\debug\vc142.pdb
d:\project\chenyu\debug\vc142.idb
d:\project\chenyu\debug\systemmap.obj
d:\project\chenyu\debug\menu.obj
d:\project\chenyu\debug\main.obj
d:\project\chenyu\debug\food.obj
d:\project\chenyu\debug\coustmanager.obj
d:\project\chenyu\debug\clientmanager.obj
d:\project\chenyu\debug\client.obj
d:\project\chenyu\debug\adminmanager.obj
d:\project\chenyu\debug\admin.obj
d:\project\chenyu\debug\chenyu.ilk
d:\project\chenyu\debug\chenyu.exe
d:\project\chenyu\debug\chenyu.pdb
d:\project\chenyu\debug\chenyu.tlog\cl.command.1.tlog
d:\project\chenyu\debug\chenyu.tlog\cl.read.1.tlog
d:\project\chenyu\debug\chenyu.tlog\cl.write.1.tlog
d:\project\chenyu\debug\chenyu.tlog\link.command.1.tlog
d:\project\chenyu\debug\chenyu.tlog\link.read.1.tlog
d:\project\chenyu\debug\chenyu.tlog\link.write.1.tlog
